# JRE version: Java(TM) SE Runtime Environment (8.0_101-b13) (build 1.8.0_101-b13)
# Java VM: Java HotSpot(TM) 64-Bit Server VM (25.101-b13 mixed mode linux-amd64 compressed oops)
Heap:
 PSYoungGen      total 896512K, used 55566K [0x000000076ab00000, 0x00000007b8d80000, 0x00000007c0000000)
  eden space 614400K, 0% used [0x000000076ab00000,0x000000076ab00000,0x0000000790300000)
  from space 282112K, 19% used [0x0000000790300000,0x00000007939438c0,0x00000007a1680000)
  to   space 283648K, 0% used [0x00000007a7880000,0x00000007a7880000,0x00000007b8d80000)
 ParOldGen       total 553984K, used 553579K [0x00000006c0000000, 0x00000006e1d00000, 0x000000076ab00000)
  object space 553984K, 99% used [0x00000006c0000000,0x00000006e1c9aca0,0x00000006e1d00000)
 Metaspace       used 6608K, capacity 7320K, committed 7680K, reserved 1056768K
  class space    used 617K, capacity 656K, committed 768K, reserved 1048576K
GC Heap History (10 events):
Event: 14.882 GC heap after
Heap after GC invocations=16 (full 2):
 PSYoungGen      total 741376K, used 154615K [0x000000076ab00000, 0x00000007a6f80000, 0x00000007c0000000)
  eden space 551936K, 0% used [0x000000076ab00000,0x000000076ab00000,0x000000078c600000)
  from space 189440K, 81% used [0x0000000799300000,0x00000007a29fdf58,0x00000007a4c00000)
  to   space 209920K, 0% used [0x000000078c600000,0x000000078c600000,0x0000000799300000)
 ParOldGen       total 349184K, used 349038K [0x00000006c0000000, 0x00000006d5500000, 0x000000076ab00000)
  object space 349184K, 99% used [0x00000006c0000000,0x00000006d54db938,0x00000006d5500000)
 Metaspace       used 6607K, capacity 7320K, committed 7680K, reserved 1056768K
  class space    used 617K, capacity 656K, committed 768K, reserved 1048576K
}
Event: 14.882 GC heap before
{Heap before GC invocations=17 (full 3):
 PSYoungGen      total 741376K, used 154615K [0x000000076ab00000, 0x00000007a6f80000, 0x00000007c0000000)
  eden space 551936K, 0% used [0x000000076ab00000,0x000000076ab00000,0x000000078c600000)
  from space 189440K, 81% used [0x0000000799300000,0x00000007a29fdf58,0x00000007a4c00000)
  to   space 209920K, 0% used [0x000000078c600000,0x000000078c600000,0x0000000799300000)
 ParOldGen       total 349184K, used 349038K [0x00000006c0000000, 0x00000006d5500000, 0x000000076ab00000)
  object space 349184K, 99% used [0x00000006c0000000,0x00000006d54db938,0x00000006d5500000)
 Metaspace       used 6607K, capacity 7320K, committed 7680K, reserved 1056768K
  class space    used 617K, capacity 656K, committed 768K, reserved 1048576K
Event: 16.627 GC heap after
Heap after GC invocations=17 (full 3):
 PSYoungGen      total 741376K, used 142999K [0x000000076ab00000, 0x00000007a6f80000, 0x00000007c0000000)
  eden space 551936K, 0% used [0x000000076ab00000,0x000000076ab00000,0x000000078c600000)
  from space 189440K, 75% used [0x0000000799300000,0x00000007a1ea5d50,0x00000007a4c00000)
  to   space 209920K, 0% used [0x000000078c600000,0x000000078c600000,0x0000000799300000)
 ParOldGen       total 553984K, used 348780K [0x00000006c0000000, 0x00000006e1d00000, 0x000000076ab00000)
  object space 553984K, 62% used [0x00000006c0000000,0x00000006d549b2f0,0x00000006e1d00000)
 Metaspace       used 6607K, capacity 7320K, committed 7680K, reserved 1056768K
  class space    used 617K, capacity 656K, committed 768K, reserved 1048576K
}
Event: 18.266 GC heap before
{Heap before GC invocations=18 (full 3):
 PSYoungGen      total 741376K, used 694935K [0x000000076ab00000, 0x00000007a6f80000, 0x00000007c0000000)
  eden space 551936K, 100% used [0x000000076ab00000,0x000000078c600000,0x000000078c600000)
  from space 189440K, 75% used [0x0000000799300000,0x00000007a1ea5d50,0x00000007a4c00000)
  to   space 209920K, 0% used [0x000000078c600000,0x000000078c600000,0x0000000799300000)
 ParOldGen       total 553984K, used 348780K [0x00000006c0000000, 0x00000006e1d00000, 0x000000076ab00000)
  object space 553984K, 62% used [0x00000006c0000000,0x00000006d549b2f0,0x00000006e1d00000)
 Metaspace       used 6607K, capacity 7320K, committed 7680K, reserved 1056768K
  class space    used 617K, capacity 656K, committed 768K, reserved 1048576K
Event: 18.467 GC heap after
Heap after GC invocations=18 (full 3):
 PSYoungGen      total 761856K, used 187916K [0x000000076ab00000, 0x00000007aff00000, 0x00000007c0000000)
  eden space 551936K, 0% used [0x000000076ab00000,0x000000076ab00000,0x000000078c600000)
  from space 209920K, 89% used [0x000000078c600000,0x0000000797d832d0,0x0000000799300000)
  to   space 238080K, 0% used [0x00000007a1680000,0x00000007a1680000,0x00000007aff00000)
 ParOldGen       total 553984K, used 348780K [0x00000006c0000000, 0x00000006e1d00000, 0x000000076ab00000)
  object space 553984K, 62% used [0x00000006c0000000,0x00000006d549b2f0,0x00000006e1d00000)
 Metaspace       used 6607K, capacity 7320K, committed 7680K, reserved 1056768K
  class space    used 617K, capacity 656K, committed 768K, reserved 1048576K
}
Event: 19.548 GC heap before
{Heap before GC invocations=19 (full 3):
 PSYoungGen      total 761856K, used 739852K [0x000000076ab00000, 0x00000007aff00000, 0x00000007c0000000)
  eden space 551936K, 100% used [0x000000076ab00000,0x000000078c600000,0x000000078c600000)
  from space 209920K, 89% used [0x000000078c600000,0x0000000797d832d0,0x0000000799300000)
  to   space 238080K, 0% used [0x00000007a1680000,0x00000007a1680000,0x00000007aff00000)
 ParOldGen       total 553984K, used 348780K [0x00000006c0000000, 0x00000006e1d00000, 0x000000076ab00000)
  object space 553984K, 62% used [0x00000006c0000000,0x00000006d549b2f0,0x00000006e1d00000)
 Metaspace       used 6607K, capacity 7320K, committed 7680K, reserved 1056768K
  class space    used 617K, capacity 656K, committed 768K, reserved 1048576K
Event: 19.776 GC heap after
Heap after GC invocations=19 (full 3):
 PSYoungGen      total 852480K, used 238064K [0x000000076ab00000, 0x00000007b6480000, 0x00000007c0000000)
  eden space 614400K, 0% used [0x000000076ab00000,0x000000076ab00000,0x0000000790300000)
  from space 238080K, 99% used [0x00000007a1680000,0x00000007afefc068,0x00000007aff00000)
  to   space 282112K, 0% used [0x0000000790300000,0x0000000790300000,0x00000007a1680000)
 ParOldGen       total 553984K, used 356532K [0x00000006c0000000, 0x00000006e1d00000, 0x000000076ab00000)
  object space 553984K, 64% used [0x00000006c0000000,0x00000006d5c2d188,0x00000006e1d00000)
 Metaspace       used 6607K, capacity 7320K, committed 7680K, reserved 1056768K
  class space    used 617K, capacity 656K, committed 768K, reserved 1048576K
}
Event: 21.150 GC heap before
{Heap before GC invocations=20 (full 3):
 PSYoungGen      total 852480K, used 852464K [0x000000076ab00000, 0x00000007b6480000, 0x00000007c0000000)
  eden space 614400K, 100% used [0x000000076ab00000,0x0000000790300000,0x0000000790300000)
  from space 238080K, 99% used [0x00000007a1680000,0x00000007afefc068,0x00000007aff00000)
  to   space 282112K, 0% used [0x0000000790300000,0x0000000790300000,0x00000007a1680000)
 ParOldGen       total 553984K, used 356532K [0x00000006c0000000, 0x00000006e1d00000, 0x000000076ab00000)
  object space 553984K, 64% used [0x00000006c0000000,0x00000006d5c2d188,0x00000006e1d00000)
 Metaspace       used 6608K, capacity 7320K, committed 7680K, reserved 1056768K
  class space    used 617K, capacity 656K, committed 768K, reserved 1048576K
Event: 21.435 GC heap after
Heap after GC invocations=20 (full 3):
 PSYoungGen      total 896512K, used 154719K [0x000000076ab00000, 0x00000007b8d80000, 0x00000007c0000000)
  eden space 614400K, 0% used [0x000000076ab00000,0x000000076ab00000,0x0000000790300000)
  from space 282112K, 54% used [0x0000000790300000,0x0000000799a17de0,0x00000007a1680000)
  to   space 283648K, 0% used [0x00000007a7880000,0x00000007a7880000,0x00000007b8d80000)
 ParOldGen       total 553984K, used 456209K [0x00000006c0000000, 0x00000006e1d00000, 0x000000076ab00000)
  object space 553984K, 82% used [0x00000006c0000000,0x00000006dbd846f8,0x00000006e1d00000)
 Metaspace       used 6608K, capacity 7320K, committed 7680K, reserved 1056768K
  class space    used 617K, capacity 656K, committed 768K, reserved 1048576K
}
Event: 21.435 GC heap before
{Heap before GC invocations=21 (full 4):
 PSYoungGen      total 896512K, used 154719K [0x000000076ab00000, 0x00000007b8d80000, 0x00000007c0000000)
  eden space 614400K, 0% used [0x000000076ab00000,0x000000076ab00000,0x0000000790300000)
  from space 282112K, 54% used [0x0000000790300000,0x0000000799a17de0,0x00000007a1680000)
  to   space 283648K, 0% used [0x00000007a7880000,0x00000007a7880000,0x00000007b8d80000)
 ParOldGen       total 553984K, used 456209K [0x00000006c0000000, 0x00000006e1d00000, 0x000000076ab00000)
  object space 553984K, 82% used [0x00000006c0000000,0x00000006dbd846f8,0x00000006e1d00000)
 Metaspace       used 6608K, capacity 7320K, committed 7680K, reserved 1056768K
  class space    used 617K, capacity 656K, committed 768K, reserved 1048576K

