# JRE version: Java(TM) SE Runtime Environment (8.0_91-b14) (build 1.8.0_91-b14)
# Java VM: Java HotSpot(TM) 64-Bit Server VM (25.91-b14 mixed mode linux-amd64 compressed oops)
Heap:
 PSYoungGen      total 281088K, used 36832K [0x000000076ab00000, 0x000000077e800000, 0x00000007c0000000)
  eden space 244224K, 0% used [0x000000076ab00000,0x000000076ab00000,0x0000000779980000)
  from space 36864K, 99% used [0x0000000779980000,0x000000077bd782e8,0x000000077bd80000)
  to   space 30208K, 0% used [0x000000077bd80000,0x000000077bd80000,0x000000077db00000)
 ParOldGen       total 84992K, used 66250K [0x00000006c0000000, 0x00000006c5300000, 0x000000076ab00000)
  object space 84992K, 77% used [0x00000006c0000000,0x00000006c40b2b68,0x00000006c5300000)
 Metaspace       used 6530K, capacity 7256K, committed 7424K, reserved 1056768K
  class space    used 615K, capacity 656K, committed 768K, reserved 1048576K
GC Heap History (10 events):
Event: 1.515 GC heap after
Heap after GC invocations=4 (full 0):
 PSYoungGen      total 68608K, used 5117K [0x000000076ab00000, 0x000000076f300000, 0x00000007c0000000)
  eden space 63488K, 0% used [0x000000076ab00000,0x000000076ab00000,0x000000076e900000)
  from space 5120K, 99% used [0x000000076ee00000,0x000000076f2ff550,0x000000076f300000)
  to   space 5120K, 0% used [0x000000076e900000,0x000000076e900000,0x000000076ee00000)
 ParOldGen       total 84992K, used 11988K [0x00000006c0000000, 0x00000006c5300000, 0x000000076ab00000)
  object space 84992K, 14% used [0x00000006c0000000,0x00000006c0bb5360,0x00000006c5300000)
 Metaspace       used 6008K, capacity 6960K, committed 7040K, reserved 1056768K
  class space    used 594K, capacity 616K, committed 640K, reserved 1048576K
}
Event: 1.909 GC heap before
{Heap before GC invocations=5 (full 0):
 PSYoungGen      total 68608K, used 68605K [0x000000076ab00000, 0x000000076f300000, 0x00000007c0000000)
  eden space 63488K, 100% used [0x000000076ab00000,0x000000076e900000,0x000000076e900000)
  from space 5120K, 99% used [0x000000076ee00000,0x000000076f2ff550,0x000000076f300000)
  to   space 5120K, 0% used [0x000000076e900000,0x000000076e900000,0x000000076ee00000)
 ParOldGen       total 84992K, used 11988K [0x00000006c0000000, 0x00000006c5300000, 0x000000076ab00000)
  object space 84992K, 14% used [0x00000006c0000000,0x00000006c0bb5360,0x00000006c5300000)
 Metaspace       used 6074K, capacity 7024K, committed 7296K, reserved 1056768K
  class space    used 595K, capacity 616K, committed 640K, reserved 1048576K
Event: 1.951 GC heap after
Heap after GC invocations=5 (full 0):
 PSYoungGen      total 68608K, used 5093K [0x000000076ab00000, 0x0000000774c00000, 0x00000007c0000000)
  eden space 63488K, 0% used [0x000000076ab00000,0x000000076ab00000,0x000000076e900000)
  from space 5120K, 99% used [0x000000076e900000,0x000000076edf9630,0x000000076ee00000)
  to   space 18944K, 0% used [0x0000000773980000,0x0000000773980000,0x0000000774c00000)
 ParOldGen       total 84992K, used 21745K [0x00000006c0000000, 0x00000006c5300000, 0x000000076ab00000)
  object space 84992K, 25% used [0x00000006c0000000,0x00000006c153c440,0x00000006c5300000)
 Metaspace       used 6074K, capacity 7024K, committed 7296K, reserved 1056768K
  class space    used 595K, capacity 616K, committed 640K, reserved 1048576K
}
Event: 2.251 GC heap before
{Heap before GC invocations=6 (full 0):
 PSYoungGen      total 68608K, used 68581K [0x000000076ab00000, 0x0000000774c00000, 0x00000007c0000000)
  eden space 63488K, 100% used [0x000000076ab00000,0x000000076e900000,0x000000076e900000)
  from space 5120K, 99% used [0x000000076e900000,0x000000076edf9630,0x000000076ee00000)
  to   space 18944K, 0% used [0x0000000773980000,0x0000000773980000,0x0000000774c00000)
 ParOldGen       total 84992K, used 21745K [0x00000006c0000000, 0x00000006c5300000, 0x000000076ab00000)
  object space 84992K, 25% used [0x00000006c0000000,0x00000006c153c440,0x00000006c5300000)
 Metaspace       used 6183K, capacity 7088K, committed 7296K, reserved 1056768K
  class space    used 595K, capacity 616K, committed 640K, reserved 1048576K
Event: 2.302 GC heap after
Heap after GC invocations=6 (full 0):
 PSYoungGen      total 144384K, used 14841K [0x000000076ab00000, 0x0000000774f00000, 0x00000007c0000000)
  eden space 125440K, 0% used [0x000000076ab00000,0x000000076ab00000,0x0000000772580000)
  from space 18944K, 78% used [0x0000000773980000,0x00000007747fe7f8,0x0000000774c00000)
  to   space 20480K, 0% used [0x0000000772580000,0x0000000772580000,0x0000000773980000)
 ParOldGen       total 84992K, used 21753K [0x00000006c0000000, 0x00000006c5300000, 0x000000076ab00000)
  object space 84992K, 25% used [0x00000006c0000000,0x00000006c153e440,0x00000006c5300000)
 Metaspace       used 6183K, capacity 7088K, committed 7296K, reserved 1056768K
  class space    used 595K, capacity 616K, committed 640K, reserved 1048576K
}
Event: 2.844 GC heap before
{Heap before GC invocations=7 (full 0):
 PSYoungGen      total 144384K, used 140281K [0x000000076ab00000, 0x0000000774f00000, 0x00000007c0000000)
  eden space 125440K, 100% used [0x000000076ab00000,0x0000000772580000,0x0000000772580000)
  from space 18944K, 78% used [0x0000000773980000,0x00000007747fe7f8,0x0000000774c00000)
  to   space 20480K, 0% used [0x0000000772580000,0x0000000772580000,0x0000000773980000)
 ParOldGen       total 84992K, used 21753K [0x00000006c0000000, 0x00000006c5300000, 0x000000076ab00000)
  object space 84992K, 25% used [0x00000006c0000000,0x00000006c153e440,0x00000006c5300000)
 Metaspace       used 6361K, capacity 7192K, committed 7424K, reserved 1056768K
  class space    used 615K, capacity 656K, committed 768K, reserved 1048576K
Event: 2.923 GC heap after
Heap after GC invocations=7 (full 0):
 PSYoungGen      total 145920K, used 20459K [0x000000076ab00000, 0x000000077db00000, 0x00000007c0000000)
  eden space 125440K, 0% used [0x000000076ab00000,0x000000076ab00000,0x0000000772580000)
  from space 20480K, 99% used [0x0000000772580000,0x000000077397ae78,0x0000000773980000)
  to   space 30208K, 0% used [0x000000077bd80000,0x000000077bd80000,0x000000077db00000)
 ParOldGen       total 84992K, used 32713K [0x00000006c0000000, 0x00000006c5300000, 0x000000076ab00000)
  object space 84992K, 38% used [0x00000006c0000000,0x00000006c1ff27b0,0x00000006c5300000)
 Metaspace       used 6361K, capacity 7192K, committed 7424K, reserved 1056768K
  class space    used 615K, capacity 656K, committed 768K, reserved 1048576K
}
Event: 3.256 GC heap before
{Heap before GC invocations=8 (full 0):
 PSYoungGen      total 145920K, used 145899K [0x000000076ab00000, 0x000000077db00000, 0x00000007c0000000)
  eden space 125440K, 100% used [0x000000076ab00000,0x0000000772580000,0x0000000772580000)
  from space 20480K, 99% used [0x0000000772580000,0x000000077397ae78,0x0000000773980000)
  to   space 30208K, 0% used [0x000000077bd80000,0x000000077bd80000,0x000000077db00000)
 ParOldGen       total 84992K, used 32713K [0x00000006c0000000, 0x00000006c5300000, 0x000000076ab00000)
  object space 84992K, 38% used [0x00000006c0000000,0x00000006c1ff27b0,0x00000006c5300000)
 Metaspace       used 6412K, capacity 7256K, committed 7424K, reserved 1056768K
  class space    used 615K, capacity 656K, committed 768K, reserved 1048576K
Event: 3.369 GC heap after
Heap after GC invocations=8 (full 0):
 PSYoungGen      total 274432K, used 30197K [0x000000076ab00000, 0x000000077e800000, 0x00000007c0000000)
  eden space 244224K, 0% used [0x000000076ab00000,0x000000076ab00000,0x0000000779980000)
  from space 30208K, 99% used [0x000000077bd80000,0x000000077dafd750,0x000000077db00000)
  to   space 36864K, 0% used [0x0000000779980000,0x0000000779980000,0x000000077bd80000)
 ParOldGen       total 84992K, used 35703K [0x00000006c0000000, 0x00000006c5300000, 0x000000076ab00000)
  object space 84992K, 42% used [0x00000006c0000000,0x00000006c22ddf70,0x00000006c5300000)
 Metaspace       used 6412K, capacity 7256K, committed 7424K, reserved 1056768K
  class space    used 615K, capacity 656K, committed 768K, reserved 1048576K
}
Event: 4.396 GC heap before
{Heap before GC invocations=9 (full 0):
 PSYoungGen      total 274432K, used 274421K [0x000000076ab00000, 0x000000077e800000, 0x00000007c0000000)
  eden space 244224K, 100% used [0x000000076ab00000,0x0000000779980000,0x0000000779980000)
  from space 30208K, 99% used [0x000000077bd80000,0x000000077dafd750,0x000000077db00000)
  to   space 36864K, 0% used [0x0000000779980000,0x0000000779980000,0x000000077bd80000)
 ParOldGen       total 84992K, used 35703K [0x00000006c0000000, 0x00000006c5300000, 0x000000076ab00000)
  object space 84992K, 42% used [0x00000006c0000000,0x00000006c22ddf70,0x00000006c5300000)
 Metaspace       used 6530K, capacity 7256K, committed 7424K, reserved 1056768K
  class space    used 615K, capacity 656K, committed 768K, reserved 1048576K

