# JRE version: Java(TM) SE Runtime Environment (8.0_101-b13) (build 1.8.0_101-b13)
# Java VM: Java HotSpot(TM) 64-Bit Server VM (25.101-b13 mixed mode linux-amd64 compressed oops)
Heap:
 PSYoungGen      total 918016K, used 297967K [0x000000076ab00000, 0x00000007bb800000, 0x00000007c0000000)
  eden space 595968K, 0% used [0x000000076ab00000,0x000000076ab00000,0x000000078f100000)
  from space 322048K, 92% used [0x00000007a7d80000,0x00000007ba07bf70,0x00000007bb800000)
  to   space 303616K, 0% used [0x000000078f100000,0x000000078f100000,0x00000007a1980000)
 ParOldGen       total 763392K, used 612243K [0x00000006c0000000, 0x00000006ee980000, 0x000000076ab00000)
  object space 763392K, 80% used [0x00000006c0000000,0x00000006e55e4c98,0x00000006ee980000)
 Metaspace       used 6971K, capacity 7672K, committed 7936K, reserved 1056768K
  class space    used 636K, capacity 688K, committed 768K, reserved 1048576K
GC Heap History (10 events):
Event: 15.157 GC heap after
Heap after GC invocations=17 (full 3):
 PSYoungGen      total 711168K, used 194041K [0x000000076ab00000, 0x00000007aea00000, 0x00000007c0000000)
  eden space 517120K, 0% used [0x000000076ab00000,0x000000076ab00000,0x000000078a400000)
  from space 194048K, 99% used [0x000000079a900000,0x00000007a667e6a0,0x00000007a6680000)
  to   space 267264K, 0% used [0x000000078a400000,0x000000078a400000,0x000000079a900000)
 ParOldGen       total 503808K, used 426232K [0x00000006c0000000, 0x00000006dec00000, 0x000000076ab00000)
  object space 503808K, 84% used [0x00000006c0000000,0x00000006da03e0d8,0x00000006dec00000)
 Metaspace       used 6612K, capacity 7320K, committed 7680K, reserved 1056768K
  class space    used 617K, capacity 656K, committed 768K, reserved 1048576K
}
Event: 15.157 GC heap before
{Heap before GC invocations=18 (full 4):
 PSYoungGen      total 711168K, used 194041K [0x000000076ab00000, 0x00000007aea00000, 0x00000007c0000000)
  eden space 517120K, 0% used [0x000000076ab00000,0x000000076ab00000,0x000000078a400000)
  from space 194048K, 99% used [0x000000079a900000,0x00000007a667e6a0,0x00000007a6680000)
  to   space 267264K, 0% used [0x000000078a400000,0x000000078a400000,0x000000079a900000)
 ParOldGen       total 503808K, used 426232K [0x00000006c0000000, 0x00000006dec00000, 0x000000076ab00000)
  object space 503808K, 84% used [0x00000006c0000000,0x00000006da03e0d8,0x00000006dec00000)
 Metaspace       used 6612K, capacity 7320K, committed 7680K, reserved 1056768K
  class space    used 617K, capacity 656K, committed 768K, reserved 1048576K
Event: 16.448 GC heap after
Heap after GC invocations=18 (full 4):
 PSYoungGen      total 711168K, used 107326K [0x000000076ab00000, 0x00000007aea00000, 0x00000007c0000000)
  eden space 517120K, 0% used [0x000000076ab00000,0x000000076ab00000,0x000000078a400000)
  from space 194048K, 55% used [0x000000079a900000,0x00000007a11cf9a0,0x00000007a6680000)
  to   space 267264K, 0% used [0x000000078a400000,0x000000078a400000,0x000000079a900000)
 ParOldGen       total 763392K, used 503482K [0x00000006c0000000, 0x00000006ee980000, 0x000000076ab00000)
  object space 763392K, 65% used [0x00000006c0000000,0x00000006debae908,0x00000006ee980000)
 Metaspace       used 6612K, capacity 7320K, committed 7680K, reserved 1056768K
  class space    used 617K, capacity 656K, committed 768K, reserved 1048576K
}
Event: 17.529 GC heap before
{Heap before GC invocations=19 (full 4):
 PSYoungGen      total 711168K, used 624446K [0x000000076ab00000, 0x00000007aea00000, 0x00000007c0000000)
  eden space 517120K, 100% used [0x000000076ab00000,0x000000078a400000,0x000000078a400000)
  from space 194048K, 55% used [0x000000079a900000,0x00000007a11cf9a0,0x00000007a6680000)
  to   space 267264K, 0% used [0x000000078a400000,0x000000078a400000,0x000000079a900000)
 ParOldGen       total 763392K, used 503482K [0x00000006c0000000, 0x00000006ee980000, 0x000000076ab00000)
  object space 763392K, 65% used [0x00000006c0000000,0x00000006debae908,0x00000006ee980000)
 Metaspace       used 6613K, capacity 7320K, committed 7680K, reserved 1056768K
  class space    used 617K, capacity 656K, committed 768K, reserved 1048576K
Event: 17.807 GC heap after
Heap after GC invocations=19 (full 4):
 PSYoungGen      total 784384K, used 191205K [0x000000076ab00000, 0x00000007b3180000, 0x00000007c0000000)
  eden space 517120K, 0% used [0x000000076ab00000,0x000000076ab00000,0x000000078a400000)
  from space 267264K, 71% used [0x000000078a400000,0x0000000795eb97b0,0x000000079a900000)
  to   space 286720K, 0% used [0x00000007a1980000,0x00000007a1980000,0x00000007b3180000)
 ParOldGen       total 763392K, used 612235K [0x00000006c0000000, 0x00000006ee980000, 0x000000076ab00000)
  object space 763392K, 80% used [0x00000006c0000000,0x00000006e55e2c98,0x00000006ee980000)
 Metaspace       used 6613K, capacity 7320K, committed 7680K, reserved 1056768K
  class space    used 617K, capacity 656K, committed 768K, reserved 1048576K
}
Event: 18.850 GC heap before
{Heap before GC invocations=20 (full 4):
 PSYoungGen      total 784384K, used 708325K [0x000000076ab00000, 0x00000007b3180000, 0x00000007c0000000)
  eden space 517120K, 100% used [0x000000076ab00000,0x000000078a400000,0x000000078a400000)
  from space 267264K, 71% used [0x000000078a400000,0x0000000795eb97b0,0x000000079a900000)
  to   space 286720K, 0% used [0x00000007a1980000,0x00000007a1980000,0x00000007b3180000)
 ParOldGen       total 763392K, used 612235K [0x00000006c0000000, 0x00000006ee980000, 0x000000076ab00000)
  object space 763392K, 80% used [0x00000006c0000000,0x00000006e55e2c98,0x00000006ee980000)
 Metaspace       used 6613K, capacity 7320K, committed 7680K, reserved 1056768K
  class space    used 617K, capacity 656K, committed 768K, reserved 1048576K
Event: 19.041 GC heap after
Heap after GC invocations=20 (full 4):
 PSYoungGen      total 882688K, used 196725K [0x000000076ab00000, 0x00000007b5a80000, 0x00000007c0000000)
  eden space 595968K, 0% used [0x000000076ab00000,0x000000076ab00000,0x000000078f100000)
  from space 286720K, 68% used [0x00000007a1980000,0x00000007ad99d618,0x00000007b3180000)
  to   space 303616K, 0% used [0x000000078f100000,0x000000078f100000,0x00000007a1980000)
 ParOldGen       total 763392K, used 612235K [0x00000006c0000000, 0x00000006ee980000, 0x000000076ab00000)
  object space 763392K, 80% used [0x00000006c0000000,0x00000006e55e2c98,0x00000006ee980000)
 Metaspace       used 6613K, capacity 7320K, committed 7680K, reserved 1056768K
  class space    used 617K, capacity 656K, committed 768K, reserved 1048576K
}
Event: 20.344 GC heap before
{Heap before GC invocations=21 (full 4):
 PSYoungGen      total 882688K, used 792693K [0x000000076ab00000, 0x00000007b5a80000, 0x00000007c0000000)
  eden space 595968K, 100% used [0x000000076ab00000,0x000000078f100000,0x000000078f100000)
  from space 286720K, 68% used [0x00000007a1980000,0x00000007ad99d618,0x00000007b3180000)
  to   space 303616K, 0% used [0x000000078f100000,0x000000078f100000,0x00000007a1980000)
 ParOldGen       total 763392K, used 612235K [0x00000006c0000000, 0x00000006ee980000, 0x000000076ab00000)
  object space 763392K, 80% used [0x00000006c0000000,0x00000006e55e2c98,0x00000006ee980000)
 Metaspace       used 6615K, capacity 7320K, committed 7680K, reserved 1056768K
  class space    used 617K, capacity 656K, committed 768K, reserved 1048576K
Event: 20.573 GC heap after
Heap after GC invocations=21 (full 4):
 PSYoungGen      total 899584K, used 212010K [0x000000076ab00000, 0x00000007bb800000, 0x00000007c0000000)
  eden space 595968K, 0% used [0x000000076ab00000,0x000000076ab00000,0x000000078f100000)
  from space 303616K, 69% used [0x000000078f100000,0x000000079c00aa50,0x00000007a1980000)
  to   space 322048K, 0% used [0x00000007a7d80000,0x00000007a7d80000,0x00000007bb800000)
 ParOldGen       total 763392K, used 612243K [0x00000006c0000000, 0x00000006ee980000, 0x000000076ab00000)
  object space 763392K, 80% used [0x00000006c0000000,0x00000006e55e4c98,0x00000006ee980000)
 Metaspace       used 6615K, capacity 7320K, committed 7680K, reserved 1056768K
  class space    used 617K, capacity 656K, committed 768K, reserved 1048576K
}
Event: 23.291 GC heap before
{Heap before GC invocations=22 (full 4):
 PSYoungGen      total 899584K, used 807978K [0x000000076ab00000, 0x00000007bb800000, 0x00000007c0000000)
  eden space 595968K, 100% used [0x000000076ab00000,0x000000078f100000,0x000000078f100000)
  from space 303616K, 69% used [0x000000078f100000,0x000000079c00aa50,0x00000007a1980000)
  to   space 322048K, 0% used [0x00000007a7d80000,0x00000007a7d80000,0x00000007bb800000)
 ParOldGen       total 763392K, used 612243K [0x00000006c0000000, 0x00000006ee980000, 0x000000076ab00000)
  object space 763392K, 80% used [0x00000006c0000000,0x00000006e55e4c98,0x00000006ee980000)
 Metaspace       used 6971K, capacity 7672K, committed 7936K, reserved 1056768K
  class space    used 636K, capacity 688K, committed 768K, reserved 1048576K

