# JRE version: Java(TM) SE Runtime Environment (8.0_101-b13) (build 1.8.0_101-b13)
# Java VM: Java HotSpot(TM) 64-Bit Server VM (25.101-b13 mixed mode linux-amd64 compressed oops)
Heap:
 PSYoungGen      total 897024K, used 271522K [0x000000076ab00000, 0x00000007b9180000, 0x00000007c0000000)
  eden space 591360K, 0% used [0x000000076ab00000,0x000000076ab00000,0x000000078ec80000)
  from space 305664K, 88% used [0x00000007a6700000,0x00000007b70289b8,0x00000007b9180000)
  to   space 291840K, 0% used [0x000000078ec80000,0x000000078ec80000,0x00000007a0980000)
 ParOldGen       total 751616K, used 612589K [0x00000006c0000000, 0x00000006ede00000, 0x000000076ab00000)
  object space 751616K, 81% used [0x00000006c0000000,0x00000006e563b498,0x00000006ede00000)
 Metaspace       used 6714K, capacity 7384K, committed 7680K, reserved 1056768K
  class space    used 623K, capacity 656K, committed 768K, reserved 1048576K
GC Heap History (10 events):
Event: 16.178 GC heap after
Heap after GC invocations=17 (full 3):
 PSYoungGen      total 708096K, used 196089K [0x000000076ab00000, 0x00000007af800000, 0x00000007c0000000)
  eden space 512000K, 0% used [0x000000076ab00000,0x000000076ab00000,0x0000000789f00000)
  from space 196096K, 99% used [0x000000079aa80000,0x00000007a69fe790,0x00000007a6a00000)
  to   space 273920K, 0% used [0x0000000789f00000,0x0000000789f00000,0x000000079aa80000)
 ParOldGen       total 492544K, used 432108K [0x00000006c0000000, 0x00000006de100000, 0x000000076ab00000)
  object space 492544K, 87% used [0x00000006c0000000,0x00000006da5fb328,0x00000006de100000)
 Metaspace       used 6598K, capacity 7320K, committed 7680K, reserved 1056768K
  class space    used 616K, capacity 656K, committed 768K, reserved 1048576K
}
Event: 16.178 GC heap before
{Heap before GC invocations=18 (full 4):
 PSYoungGen      total 708096K, used 196089K [0x000000076ab00000, 0x00000007af800000, 0x00000007c0000000)
  eden space 512000K, 0% used [0x000000076ab00000,0x000000076ab00000,0x0000000789f00000)
  from space 196096K, 99% used [0x000000079aa80000,0x00000007a69fe790,0x00000007a6a00000)
  to   space 273920K, 0% used [0x0000000789f00000,0x0000000789f00000,0x000000079aa80000)
 ParOldGen       total 492544K, used 432108K [0x00000006c0000000, 0x00000006de100000, 0x000000076ab00000)
  object space 492544K, 87% used [0x00000006c0000000,0x00000006da5fb328,0x00000006de100000)
 Metaspace       used 6598K, capacity 7320K, committed 7680K, reserved 1056768K
  class space    used 616K, capacity 656K, committed 768K, reserved 1048576K
Event: 17.368 GC heap after
Heap after GC invocations=18 (full 4):
 PSYoungGen      total 708096K, used 125837K [0x000000076ab00000, 0x00000007af800000, 0x00000007c0000000)
  eden space 512000K, 0% used [0x000000076ab00000,0x000000076ab00000,0x0000000789f00000)
  from space 196096K, 64% used [0x000000079aa80000,0x00000007a2563418,0x00000007a6a00000)
  to   space 273920K, 0% used [0x0000000789f00000,0x0000000789f00000,0x000000079aa80000)
 ParOldGen       total 751616K, used 492238K [0x00000006c0000000, 0x00000006ede00000, 0x000000076ab00000)
  object space 751616K, 65% used [0x00000006c0000000,0x00000006de0b3b38,0x00000006ede00000)
 Metaspace       used 6598K, capacity 7320K, committed 7680K, reserved 1056768K
  class space    used 616K, capacity 656K, committed 768K, reserved 1048576K
}
Event: 19.230 GC heap before
{Heap before GC invocations=19 (full 4):
 PSYoungGen      total 708096K, used 637837K [0x000000076ab00000, 0x00000007af800000, 0x00000007c0000000)
  eden space 512000K, 100% used [0x000000076ab00000,0x0000000789f00000,0x0000000789f00000)
  from space 196096K, 64% used [0x000000079aa80000,0x00000007a2563418,0x00000007a6a00000)
  to   space 273920K, 0% used [0x0000000789f00000,0x0000000789f00000,0x000000079aa80000)
 ParOldGen       total 751616K, used 492238K [0x00000006c0000000, 0x00000006ede00000, 0x000000076ab00000)
  object space 751616K, 65% used [0x00000006c0000000,0x00000006de0b3b38,0x00000006ede00000)
 Metaspace       used 6600K, capacity 7320K, committed 7680K, reserved 1056768K
  class space    used 616K, capacity 656K, committed 768K, reserved 1048576K
Event: 19.477 GC heap after
Heap after GC invocations=19 (full 4):
 PSYoungGen      total 785920K, used 153274K [0x000000076ab00000, 0x00000007b1980000, 0x00000007c0000000)
  eden space 512000K, 0% used [0x000000076ab00000,0x000000076ab00000,0x0000000789f00000)
  from space 273920K, 55% used [0x0000000789f00000,0x00000007934ae890,0x000000079aa80000)
  to   space 278528K, 0% used [0x00000007a0980000,0x00000007a0980000,0x00000007b1980000)
 ParOldGen       total 751616K, used 612581K [0x00000006c0000000, 0x00000006ede00000, 0x000000076ab00000)
  object space 751616K, 81% used [0x00000006c0000000,0x00000006e5639498,0x00000006ede00000)
 Metaspace       used 6600K, capacity 7320K, committed 7680K, reserved 1056768K
  class space    used 616K, capacity 656K, committed 768K, reserved 1048576K
}
Event: 20.428 GC heap before
{Heap before GC invocations=20 (full 4):
 PSYoungGen      total 785920K, used 665274K [0x000000076ab00000, 0x00000007b1980000, 0x00000007c0000000)
  eden space 512000K, 100% used [0x000000076ab00000,0x0000000789f00000,0x0000000789f00000)
  from space 273920K, 55% used [0x0000000789f00000,0x00000007934ae890,0x000000079aa80000)
  to   space 278528K, 0% used [0x00000007a0980000,0x00000007a0980000,0x00000007b1980000)
 ParOldGen       total 751616K, used 612581K [0x00000006c0000000, 0x00000006ede00000, 0x000000076ab00000)
  object space 751616K, 81% used [0x00000006c0000000,0x00000006e5639498,0x00000006ede00000)
 Metaspace       used 6600K, capacity 7320K, committed 7680K, reserved 1056768K
  class space    used 616K, capacity 656K, committed 768K, reserved 1048576K
Event: 20.579 GC heap after
Heap after GC invocations=20 (full 4):
 PSYoungGen      total 869888K, used 183171K [0x000000076ab00000, 0x00000007b3a00000, 0x00000007c0000000)
  eden space 591360K, 0% used [0x000000076ab00000,0x000000076ab00000,0x000000078ec80000)
  from space 278528K, 65% used [0x00000007a0980000,0x00000007abc60e68,0x00000007b1980000)
  to   space 291840K, 0% used [0x000000078ec80000,0x000000078ec80000,0x00000007a0980000)
 ParOldGen       total 751616K, used 612581K [0x00000006c0000000, 0x00000006ede00000, 0x000000076ab00000)
  object space 751616K, 81% used [0x00000006c0000000,0x00000006e5639498,0x00000006ede00000)
 Metaspace       used 6600K, capacity 7320K, committed 7680K, reserved 1056768K
  class space    used 616K, capacity 656K, committed 768K, reserved 1048576K
}
Event: 21.914 GC heap before
{Heap before GC invocations=21 (full 4):
 PSYoungGen      total 869888K, used 774531K [0x000000076ab00000, 0x00000007b3a00000, 0x00000007c0000000)
  eden space 591360K, 100% used [0x000000076ab00000,0x000000078ec80000,0x000000078ec80000)
  from space 278528K, 65% used [0x00000007a0980000,0x00000007abc60e68,0x00000007b1980000)
  to   space 291840K, 0% used [0x000000078ec80000,0x000000078ec80000,0x00000007a0980000)
 ParOldGen       total 751616K, used 612581K [0x00000006c0000000, 0x00000006ede00000, 0x000000076ab00000)
  object space 751616K, 81% used [0x00000006c0000000,0x00000006e5639498,0x00000006ede00000)
 Metaspace       used 6604K, capacity 7320K, committed 7680K, reserved 1056768K
  class space    used 617K, capacity 656K, committed 768K, reserved 1048576K
Event: 22.161 GC heap after
Heap after GC invocations=21 (full 4):
 PSYoungGen      total 883200K, used 194658K [0x000000076ab00000, 0x00000007b9180000, 0x00000007c0000000)
  eden space 591360K, 0% used [0x000000076ab00000,0x000000076ab00000,0x000000078ec80000)
  from space 291840K, 66% used [0x000000078ec80000,0x000000079aa989d0,0x00000007a0980000)
  to   space 305664K, 0% used [0x00000007a6700000,0x00000007a6700000,0x00000007b9180000)
 ParOldGen       total 751616K, used 612589K [0x00000006c0000000, 0x00000006ede00000, 0x000000076ab00000)
  object space 751616K, 81% used [0x00000006c0000000,0x00000006e563b498,0x00000006ede00000)
 Metaspace       used 6604K, capacity 7320K, committed 7680K, reserved 1056768K
  class space    used 617K, capacity 656K, committed 768K, reserved 1048576K
}
Event: 23.718 GC heap before
{Heap before GC invocations=22 (full 4):
 PSYoungGen      total 883200K, used 786018K [0x000000076ab00000, 0x00000007b9180000, 0x00000007c0000000)
  eden space 591360K, 100% used [0x000000076ab00000,0x000000078ec80000,0x000000078ec80000)
  from space 291840K, 66% used [0x000000078ec80000,0x000000079aa989d0,0x00000007a0980000)
  to   space 305664K, 0% used [0x00000007a6700000,0x00000007a6700000,0x00000007b9180000)
 ParOldGen       total 751616K, used 612589K [0x00000006c0000000, 0x00000006ede00000, 0x000000076ab00000)
  object space 751616K, 81% used [0x00000006c0000000,0x00000006e563b498,0x00000006ede00000)
 Metaspace       used 6714K, capacity 7384K, committed 7680K, reserved 1056768K
  class space    used 623K, capacity 656K, committed 768K, reserved 1048576K

