# JRE version: Java(TM) SE Runtime Environment (8.0_101-b13) (build 1.8.0_101-b13)
# Java VM: Java HotSpot(TM) 64-Bit Server VM (25.101-b13 mixed mode linux-amd64 compressed oops)
Heap:
 PSYoungGen      total 911872K, used 100707K [0x000000076ab00000, 0x00000007b7d00000, 0x00000007c0000000)
  eden space 625152K, 0% used [0x000000076ab00000,0x000000076ab00000,0x0000000790d80000)
  from space 286720K, 35% used [0x00000007a3500000,0x00000007a9758d80,0x00000007b4d00000)
  to   space 302592K, 0% used [0x0000000790d80000,0x0000000790d80000,0x00000007a3500000)
 ParOldGen       total 495616K, used 495119K [0x00000006c0000000, 0x00000006de400000, 0x000000076ab00000)
  object space 495616K, 99% used [0x00000006c0000000,0x00000006de383d30,0x00000006de400000)
 Metaspace       used 6615K, capacity 7320K, committed 7680K, reserved 1056768K
  class space    used 617K, capacity 656K, committed 768K, reserved 1048576K
GC Heap History (10 events):
Event: 11.782 GC heap after
Heap after GC invocations=15 (full 2):
 PSYoungGen      total 629248K, used 157578K [0x000000076ab00000, 0x00000007a4a00000, 0x00000007c0000000)
  eden space 468480K, 0% used [0x000000076ab00000,0x000000076ab00000,0x0000000787480000)
  from space 160768K, 98% used [0x0000000787480000,0x0000000790e62ad8,0x0000000791180000)
  to   space 187904K, 0% used [0x0000000799280000,0x0000000799280000,0x00000007a4a00000)
 ParOldGen       total 312832K, used 259741K [0x00000006c0000000, 0x00000006d3180000, 0x000000076ab00000)
  object space 312832K, 83% used [0x00000006c0000000,0x00000006cfda7518,0x00000006d3180000)
 Metaspace       used 6606K, capacity 7320K, committed 7680K, reserved 1056768K
  class space    used 615K, capacity 656K, committed 768K, reserved 1048576K
}
Event: 11.782 GC heap before
{Heap before GC invocations=16 (full 3):
 PSYoungGen      total 629248K, used 157578K [0x000000076ab00000, 0x00000007a4a00000, 0x00000007c0000000)
  eden space 468480K, 0% used [0x000000076ab00000,0x000000076ab00000,0x0000000787480000)
  from space 160768K, 98% used [0x0000000787480000,0x0000000790e62ad8,0x0000000791180000)
  to   space 187904K, 0% used [0x0000000799280000,0x0000000799280000,0x00000007a4a00000)
 ParOldGen       total 312832K, used 259741K [0x00000006c0000000, 0x00000006d3180000, 0x000000076ab00000)
  object space 312832K, 83% used [0x00000006c0000000,0x00000006cfda7518,0x00000006d3180000)
 Metaspace       used 6606K, capacity 7320K, committed 7680K, reserved 1056768K
  class space    used 615K, capacity 656K, committed 768K, reserved 1048576K
Event: 13.117 GC heap after
Heap after GC invocations=16 (full 3):
 PSYoungGen      total 629248K, used 97579K [0x000000076ab00000, 0x00000007a4a00000, 0x00000007c0000000)
  eden space 468480K, 0% used [0x000000076ab00000,0x000000076ab00000,0x0000000787480000)
  from space 160768K, 60% used [0x0000000787480000,0x000000078d3cae30,0x0000000791180000)
  to   space 187904K, 0% used [0x0000000799280000,0x0000000799280000,0x00000007a4a00000)
 ParOldGen       total 495616K, used 312730K [0x00000006c0000000, 0x00000006de400000, 0x000000076ab00000)
  object space 495616K, 63% used [0x00000006c0000000,0x00000006d3166830,0x00000006de400000)
 Metaspace       used 6606K, capacity 7320K, committed 7680K, reserved 1056768K
  class space    used 615K, capacity 656K, committed 768K, reserved 1048576K
}
Event: 15.548 GC heap before
{Heap before GC invocations=17 (full 3):
 PSYoungGen      total 629248K, used 566059K [0x000000076ab00000, 0x00000007a4a00000, 0x00000007c0000000)
  eden space 468480K, 100% used [0x000000076ab00000,0x0000000787480000,0x0000000787480000)
  from space 160768K, 60% used [0x0000000787480000,0x000000078d3cae30,0x0000000791180000)
  to   space 187904K, 0% used [0x0000000799280000,0x0000000799280000,0x00000007a4a00000)
 ParOldGen       total 495616K, used 312730K [0x00000006c0000000, 0x00000006de400000, 0x000000076ab00000)
  object space 495616K, 63% used [0x00000006c0000000,0x00000006d3166830,0x00000006de400000)
 Metaspace       used 6615K, capacity 7320K, committed 7680K, reserved 1056768K
  class space    used 617K, capacity 656K, committed 768K, reserved 1048576K
Event: 15.834 GC heap after
Heap after GC invocations=17 (full 3):
 PSYoungGen      total 719360K, used 187897K [0x000000076ab00000, 0x00000007a8f80000, 0x00000007c0000000)
  eden space 531456K, 0% used [0x000000076ab00000,0x000000076ab00000,0x000000078b200000)
  from space 187904K, 99% used [0x0000000799280000,0x00000007a49fe5d8,0x00000007a4a00000)
  to   space 229888K, 0% used [0x000000078b200000,0x000000078b200000,0x0000000799280000)
 ParOldGen       total 495616K, used 336296K [0x00000006c0000000, 0x00000006de400000, 0x000000076ab00000)
  object space 495616K, 67% used [0x00000006c0000000,0x00000006d486a0c8,0x00000006de400000)
 Metaspace       used 6615K, capacity 7320K, committed 7680K, reserved 1056768K
  class space    used 617K, capacity 656K, committed 768K, reserved 1048576K
}
Event: 17.378 GC heap before
{Heap before GC invocations=18 (full 3):
 PSYoungGen      total 719360K, used 719353K [0x000000076ab00000, 0x00000007a8f80000, 0x00000007c0000000)
  eden space 531456K, 100% used [0x000000076ab00000,0x000000078b200000,0x000000078b200000)
  from space 187904K, 99% used [0x0000000799280000,0x00000007a49fe5d8,0x00000007a4a00000)
  to   space 229888K, 0% used [0x000000078b200000,0x000000078b200000,0x0000000799280000)
 ParOldGen       total 495616K, used 336296K [0x00000006c0000000, 0x00000006de400000, 0x000000076ab00000)
  object space 495616K, 67% used [0x00000006c0000000,0x00000006d486a0c8,0x00000006de400000)
 Metaspace       used 6615K, capacity 7320K, committed 7680K, reserved 1056768K
  class space    used 617K, capacity 656K, committed 768K, reserved 1048576K
Event: 17.607 GC heap after
Heap after GC invocations=18 (full 3):
 PSYoungGen      total 761344K, used 229884K [0x000000076ab00000, 0x00000007b4d00000, 0x00000007c0000000)
  eden space 531456K, 0% used [0x000000076ab00000,0x000000076ab00000,0x000000078b200000)
  from space 229888K, 99% used [0x000000078b200000,0x000000079927f208,0x0000000799280000)
  to   space 286720K, 0% used [0x00000007a3500000,0x00000007a3500000,0x00000007b4d00000)
 ParOldGen       total 495616K, used 381120K [0x00000006c0000000, 0x00000006de400000, 0x000000076ab00000)
  object space 495616K, 76% used [0x00000006c0000000,0x00000006d7430388,0x00000006de400000)
 Metaspace       used 6615K, capacity 7320K, committed 7680K, reserved 1056768K
  class space    used 617K, capacity 656K, committed 768K, reserved 1048576K
}
Event: 18.801 GC heap before
{Heap before GC invocations=19 (full 3):
 PSYoungGen      total 761344K, used 761340K [0x000000076ab00000, 0x00000007b4d00000, 0x00000007c0000000)
  eden space 531456K, 100% used [0x000000076ab00000,0x000000078b200000,0x000000078b200000)
  from space 229888K, 99% used [0x000000078b200000,0x000000079927f208,0x0000000799280000)
  to   space 286720K, 0% used [0x00000007a3500000,0x00000007a3500000,0x00000007b4d00000)
 ParOldGen       total 495616K, used 381120K [0x00000006c0000000, 0x00000006de400000, 0x000000076ab00000)
  object space 495616K, 76% used [0x00000006c0000000,0x00000006d7430388,0x00000006de400000)
 Metaspace       used 6615K, capacity 7320K, committed 7680K, reserved 1056768K
  class space    used 617K, capacity 656K, committed 768K, reserved 1048576K
Event: 19.137 GC heap after
Heap after GC invocations=19 (full 3):
 PSYoungGen      total 911872K, used 193817K [0x000000076ab00000, 0x00000007b7d00000, 0x00000007c0000000)
  eden space 625152K, 0% used [0x000000076ab00000,0x000000076ab00000,0x0000000790d80000)
  from space 286720K, 67% used [0x00000007a3500000,0x00000007af246528,0x00000007b4d00000)
  to   space 302592K, 0% used [0x0000000790d80000,0x0000000790d80000,0x00000007a3500000)
 ParOldGen       total 495616K, used 490005K [0x00000006c0000000, 0x00000006de400000, 0x000000076ab00000)
  object space 495616K, 98% used [0x00000006c0000000,0x00000006dde85740,0x00000006de400000)
 Metaspace       used 6615K, capacity 7320K, committed 7680K, reserved 1056768K
  class space    used 617K, capacity 656K, committed 768K, reserved 1048576K
}
Event: 19.137 GC heap before
{Heap before GC invocations=20 (full 4):
 PSYoungGen      total 911872K, used 193817K [0x000000076ab00000, 0x00000007b7d00000, 0x00000007c0000000)
  eden space 625152K, 0% used [0x000000076ab00000,0x000000076ab00000,0x0000000790d80000)
  from space 286720K, 67% used [0x00000007a3500000,0x00000007af246528,0x00000007b4d00000)
  to   space 302592K, 0% used [0x0000000790d80000,0x0000000790d80000,0x00000007a3500000)
 ParOldGen       total 495616K, used 490005K [0x00000006c0000000, 0x00000006de400000, 0x000000076ab00000)
  object space 495616K, 98% used [0x00000006c0000000,0x00000006dde85740,0x00000006de400000)
 Metaspace       used 6615K, capacity 7320K, committed 7680K, reserved 1056768K
  class space    used 617K, capacity 656K, committed 768K, reserved 1048576K

